<?xml version="1.0" encoding="UTF-8"?>
<testsuites name="Mocha Tests" time="7.548" tests="1" failures="0">
  <testsuite name="Root Suite" timestamp="2024-06-22T07:11:22" tests="0" file="cypress/e2e/1_loginTest/loginTest.cy.js" time="0.000" failures="0">
  </testsuite>
  <testsuite name="Login Nisai web page" timestamp="2024-06-22T07:11:22" tests="1" time="7.534" failures="0">
    <testcase name="Login Nisai web page Visit Website" time="7.493" classname="Visit Website">
    </testcase>
  </testsuite>
</testsuites>