{
  "stats": {
    "suites": 1,
    "tests": 1,
    "passes": 1,
    "pending": 0,
    "failures": 0,
    "start": "2024-06-22T05:54:22.696Z",
    "end": "2024-06-22T05:54:23.450Z",
    "duration": 754,
    "testsRegistered": 1,
    "passPercent": 100,
    "pendingPercent": 0,
    "other": 0,
    "hasOther": false,
    "skipped": 0,
    "hasSkipped": false
  },
  "results": [
    {
      "uuid": "de7ab045-9776-4f06-875b-b0610c32271c",
      "title": "",
      "fullFile": "cypress/e2e/1_loginTest/loginTest.cy.js",
      "file": "cypress/e2e/1_loginTest/loginTest.cy.js",
      "beforeHooks": [],
      "afterHooks": [],
      "tests": [],
      "suites": [
        {
          "uuid": "5b1edbe1-3fca-4bc3-b1df-def56eeae823",
          "title": "My First Test",
          "fullFile": "",
          "file": "",
          "beforeHooks": [],
          "afterHooks": [],
          "tests": [
            {
              "title": "Visits the Kitchen Sink",
              "fullTitle": "My First Test Visits the Kitchen Sink",
              "timedOut": null,
              "duration": 629,
              "state": "passed",
              "speed": "fast",
              "pass": true,
              "fail": false,
              "pending": false,
              "context": null,
              "code": "cy.visit(\"https://web-orchestrator.dev.nisai.samagra.io/\");\ncy.url().should(\"contain\", \"web-orchestrator\");",
              "err": {},
              "uuid": "04364b69-d5cf-4613-8bd1-fef6e5c60884",
              "parentUUID": "5b1edbe1-3fca-4bc3-b1df-def56eeae823",
              "isHook": false,
              "skipped": false
            }
          ],
          "suites": [],
          "passes": [
            "04364b69-d5cf-4613-8bd1-fef6e5c60884"
          ],
          "failures": [],
          "pending": [],
          "skipped": [],
          "duration": 629,
          "root": false,
          "rootEmpty": false,
          "_timeout": 2000
        }
      ],
      "passes": [],
      "failures": [],
      "pending": [],
      "skipped": [],
      "duration": 0,
      "root": true,
      "rootEmpty": true,
      "_timeout": 2000
    }
  ],
  "meta": {
    "mocha": {
      "version": "7.0.1"
    },
    "mochawesome": {
      "options": {
        "quiet": false,
        "reportFilename": "mochawesome",
        "saveHtml": false,
        "saveJson": true,
        "consoleReporter": "spec",
        "useInlineDiffs": false,
        "code": true
      },
      "version": "7.1.3"
    },
    "marge": {
      "options": {
        "reportDir": "cypress/reports",
        "overwrite": false,
        "html": false,
        "json": true
      },
      "version": "6.2.0"
    }
  }
}