{
  "stats": {
    "suites": 1,
    "tests": 1,
    "passes": 0,
    "pending": 0,
    "failures": 1,
    "start": "2024-06-22T05:52:06.888Z",
    "end": "2024-06-22T05:52:08.291Z",
    "duration": 1403,
    "testsRegistered": 1,
    "passPercent": 0,
    "pendingPercent": 0,
    "other": 0,
    "hasOther": false,
    "skipped": 0,
    "hasSkipped": false
  },
  "results": [
    {
      "uuid": "f920151c-bb52-4db7-9c6a-1cc52aad72a4",
      "title": "",
      "fullFile": "cypress/e2e/1_loginTest/loginTest.cy.js",
      "file": "cypress/e2e/1_loginTest/loginTest.cy.js",
      "beforeHooks": [],
      "afterHooks": [],
      "tests": [],
      "suites": [
        {
          "uuid": "d331a382-b2ae-4600-9975-2c84fbf73dd3",
          "title": "My First Test",
          "fullFile": "",
          "file": "",
          "beforeHooks": [],
          "afterHooks": [],
          "tests": [
            {
              "title": "Visits the Kitchen Sink",
              "fullTitle": "My First Test Visits the Kitchen Sink",
              "timedOut": null,
              "duration": 1329,
              "state": "failed",
              "speed": null,
              "pass": false,
              "fail": true,
              "pending": false,
              "context": null,
              "code": "cy.visit(\"/\");\ncy.contains(\"type\").click();\ncy.url().should(\"include\", \"/commands/actions\");\ncy.get(\".action-email\").type(\"fake@email.com\").should(\"have.value\", \"fake@email.com\");",
              "err": {
                "message": "TypeError: The following error originated from your application code, not from Cypress. It was caused by an unhandled promise rejection.\n\n  > Failed to register a ServiceWorker for scope ('https://web-orchestrator.dev.nisai.samagra.io/') with script ('https://web-orchestrator.dev.nisai.samagra.io/sw.js'): A bad HTTP response code (404) was received when fetching the script.\n\nWhen Cypress detects uncaught errors originating from your application it will automatically fail the current test.\n\nThis behavior is configurable, and you can choose to turn this off by listening to the `uncaught:exception` event.\n\nhttps://on.cypress.io/uncaught-exception-from-application",
                "estack": "TypeError: The following error originated from your application code, not from Cypress. It was caused by an unhandled promise rejection.\n\n  > Failed to register a ServiceWorker for scope ('https://web-orchestrator.dev.nisai.samagra.io/') with script ('https://web-orchestrator.dev.nisai.samagra.io/sw.js'): A bad HTTP response code (404) was received when fetching the script.\n\nWhen Cypress detects uncaught errors originating from your application it will automatically fail the current test.\n\nThis behavior is configurable, and you can choose to turn this off by listening to the `uncaught:exception` event.\n\nhttps://on.cypress.io/uncaught-exception-from-application",
                "diff": null
              },
              "uuid": "a47f63e2-3b4a-48e4-af1a-1fb350bdcb50",
              "parentUUID": "d331a382-b2ae-4600-9975-2c84fbf73dd3",
              "isHook": false,
              "skipped": false
            }
          ],
          "suites": [],
          "passes": [],
          "failures": [
            "a47f63e2-3b4a-48e4-af1a-1fb350bdcb50"
          ],
          "pending": [],
          "skipped": [],
          "duration": 1329,
          "root": false,
          "rootEmpty": false,
          "_timeout": 2000
        }
      ],
      "passes": [],
      "failures": [],
      "pending": [],
      "skipped": [],
      "duration": 0,
      "root": true,
      "rootEmpty": true,
      "_timeout": 2000
    }
  ],
  "meta": {
    "mocha": {
      "version": "7.0.1"
    },
    "mochawesome": {
      "options": {
        "quiet": false,
        "reportFilename": "mochawesome",
        "saveHtml": false,
        "saveJson": true,
        "consoleReporter": "spec",
        "useInlineDiffs": false,
        "code": true
      },
      "version": "7.1.3"
    },
    "marge": {
      "options": {
        "reportDir": "cypress/reports",
        "overwrite": false,
        "html": false,
        "json": true
      },
      "version": "6.2.0"
    }
  }
}