{
  "stats": {
    "suites": 1,
    "tests": 1,
    "passes": 1,
    "pending": 0,
    "failures": 0,
    "start": "2024-06-22T06:25:16.182Z",
    "end": "2024-06-22T06:25:26.027Z",
    "duration": 9845,
    "testsRegistered": 1,
    "passPercent": 100,
    "pendingPercent": 0,
    "other": 0,
    "hasOther": false,
    "skipped": 0,
    "hasSkipped": false
  },
  "results": [
    {
      "uuid": "a479cbb6-fa05-48ea-af8d-a6ebd940c0ca",
      "title": "",
      "fullFile": "cypress/e2e/1_loginTest/loginTest.cy.js",
      "file": "cypress/e2e/1_loginTest/loginTest.cy.js",
      "beforeHooks": [],
      "afterHooks": [],
      "tests": [],
      "suites": [
        {
          "uuid": "a553e2b9-2ce3-4551-9c46-fadbd906bf80",
          "title": "Login Nisai web page",
          "fullFile": "",
          "file": "",
          "beforeHooks": [],
          "afterHooks": [],
          "tests": [
            {
              "title": "Visit Website",
              "fullTitle": "Login Nisai web page Visit Website",
              "timedOut": null,
              "duration": 9789,
              "state": "passed",
              "speed": "medium",
              "pass": true,
              "fail": false,
              "pending": false,
              "context": null,
              "code": "cy.visit(\"https://web-orchestrator.dev.nisai.samagra.io/\");\ncy.url().should(\"contain\", \"web-orchestrator\");\ncy.get(\".login_input__1LHuO\").type(8668727053);\ncy.get(\".login_sendOTPButton__7hR8v\").click();\nconst otp = \"0000\";\notp.split(\"\").forEach((digit, index) => {\n  cy.get(`[aria-label=\"Please enter OTP character ${index + 1}\"]`).type(digit);\n});\ncy.get(\".otp-verification_verifyOTPButton__zzJY4\").click();\ncy.get(\":nth-child(1) > .student-screen_aakalanButton__Pb0FZ\").click();",
              "err": {},
              "uuid": "15dffe97-c086-40e3-8224-7e4103b81123",
              "parentUUID": "a553e2b9-2ce3-4551-9c46-fadbd906bf80",
              "isHook": false,
              "skipped": false
            }
          ],
          "suites": [],
          "passes": [
            "15dffe97-c086-40e3-8224-7e4103b81123"
          ],
          "failures": [],
          "pending": [],
          "skipped": [],
          "duration": 9789,
          "root": false,
          "rootEmpty": false,
          "_timeout": 2000
        }
      ],
      "passes": [],
      "failures": [],
      "pending": [],
      "skipped": [],
      "duration": 0,
      "root": true,
      "rootEmpty": true,
      "_timeout": 2000
    }
  ],
  "meta": {
    "mocha": {
      "version": "7.0.1"
    },
    "mochawesome": {
      "options": {
        "quiet": false,
        "reportFilename": "mochawesome",
        "saveHtml": false,
        "saveJson": true,
        "consoleReporter": "spec",
        "useInlineDiffs": false,
        "code": true
      },
      "version": "7.1.3"
    },
    "marge": {
      "options": {
        "reportDir": "cypress/reports",
        "overwrite": false,
        "html": false,
        "json": true
      },
      "version": "6.2.0"
    }
  }
}