{
  "stats": {
    "suites": 1,
    "tests": 1,
    "passes": 1,
    "pending": 0,
    "failures": 0,
    "start": "2024-06-22T06:40:18.857Z",
    "end": "2024-06-22T06:40:21.555Z",
    "duration": 2698,
    "testsRegistered": 1,
    "passPercent": 100,
    "pendingPercent": 0,
    "other": 0,
    "hasOther": false,
    "skipped": 0,
    "hasSkipped": false
  },
  "results": [
    {
      "uuid": "d0afe277-c3f3-43b8-bdd1-e4734383b55f",
      "title": "",
      "fullFile": "cypress/e2e/1_loginTest/loginTest.cy.js",
      "file": "cypress/e2e/1_loginTest/loginTest.cy.js",
      "beforeHooks": [],
      "afterHooks": [],
      "tests": [],
      "suites": [
        {
          "uuid": "2864719a-cb9e-4956-8c88-971eb5be5cc8",
          "title": "Login Nisai web page",
          "fullFile": "",
          "file": "",
          "beforeHooks": [],
          "afterHooks": [],
          "tests": [
            {
              "title": "Visit Website",
              "fullTitle": "Login Nisai web page Visit Website",
              "timedOut": null,
              "duration": 2648,
              "state": "passed",
              "speed": "fast",
              "pass": true,
              "fail": false,
              "pending": false,
              "context": null,
              "code": "cy.visit(\"https://web-orchestrator.dev.nisai.samagra.io/\");\ncy.url().should(\"contain\", \"web-orchestrator\");\ncy.get(\".login_input__1LHuO\").type(8668727053);\ncy.get(\".login_sendOTPButton__7hR8v\").click();\nconst otp = \"0000\";\notp.split(\"\").forEach((digit, index) => {\n  cy.get(`[aria-label=\"Please enter OTP character ${index + 1}\"]`).type(digit);\n});\ncy.get(\".otp-verification_verifyOTPButton__zzJY4\").click();\ncy.get(\":nth-child(1) > .student-screen_aakalanButton__Pb0FZ\").click();",
              "err": {},
              "uuid": "35bbe3c7-bfc7-452a-a390-5ac399026548",
              "parentUUID": "2864719a-cb9e-4956-8c88-971eb5be5cc8",
              "isHook": false,
              "skipped": false
            }
          ],
          "suites": [],
          "passes": [
            "35bbe3c7-bfc7-452a-a390-5ac399026548"
          ],
          "failures": [],
          "pending": [],
          "skipped": [],
          "duration": 2648,
          "root": false,
          "rootEmpty": false,
          "_timeout": 2000
        }
      ],
      "passes": [],
      "failures": [],
      "pending": [],
      "skipped": [],
      "duration": 0,
      "root": true,
      "rootEmpty": true,
      "_timeout": 2000
    }
  ],
  "meta": {
    "mocha": {
      "version": "7.0.1"
    },
    "mochawesome": {
      "options": {
        "quiet": false,
        "reportFilename": "mochawesome",
        "saveHtml": true,
        "saveJson": true,
        "consoleReporter": "spec",
        "useInlineDiffs": false,
        "code": true
      },
      "version": "7.1.3"
    },
    "marge": {
      "options": {
        "mochaFile": "cypress/results/results-[hash].xml",
        "toConsole": true
      },
      "version": "6.2.0"
    }
  }
}